<?xml version="1.0" encoding="UTF-8"?>
<!-- Generated by org.testng.reporters.JUnitReportReporter -->
<testsuite hostname="YCSPC009" name="com.tj.testCases.TJ_LofinPage_001" tests="1" failures="0" timestamp="17 Sep 2020 07:21:07 GMT" time="8.223" errors="0">
  <testcase name="TestLogin" time="8.223" classname="com.tj.testCases.TJ_LofinPage_001"/>
</testsuite> <!-- com.tj.testCases.TJ_LofinPage_001 -->
